Using pre-set license
Built from '2022.3/staging' branch; Version is '2022.3.56f1 (dd0c98481d00) revision 14486680'; Using compiler version '192829333'; Build Type 'Release'
OS: 'Windows 11  (10.0.22631) 64bit Core' Language: 'ja' Physical Memory: 65244 MB
BatchMode: 1, IsHumanControllingUs: 0, StartBugReporterOnCrash: 0, Is64bit: 1, IsPro: 1

COMMAND LINE ARGUMENTS:
D:\MyFolder\Unity\Hub\Editor\2022.3.56f1\Editor\Unity.exe
-adb2
-batchMode
-noUpm
-name
AssetImportWorker4
-projectPath
D:/MyFolder/UnityProjects/ColorPuffer_GGJ25_Bteam_20250124/ColorPuffer_GGJ25_Bteam
-logFile
Logs/AssetImportWorker4.log
-srvPort
60719
Successfully changed project path to: D:/MyFolder/UnityProjects/ColorPuffer_GGJ25_Bteam_20250124/ColorPuffer_GGJ25_Bteam
D:/MyFolder/UnityProjects/ColorPuffer_GGJ25_Bteam_20250124/ColorPuffer_GGJ25_Bteam
[UnityMemory] Configuration Parameters - Can be set up in boot.config
    "memorysetup-bucket-allocator-granularity=16"
    "memorysetup-bucket-allocator-bucket-count=8"
    "memorysetup-bucket-allocator-block-size=33554432"
    "memorysetup-bucket-allocator-block-count=8"
    "memorysetup-main-allocator-block-size=16777216"
    "memorysetup-thread-allocator-block-size=16777216"
    "memorysetup-gfx-main-allocator-block-size=16777216"
    "memorysetup-gfx-thread-allocator-block-size=16777216"
    "memorysetup-cache-allocator-block-size=4194304"
    "memorysetup-typetree-allocator-block-size=2097152"
    "memorysetup-profiler-bucket-allocator-granularity=16"
    "memorysetup-profiler-bucket-allocator-bucket-count=8"
    "memorysetup-profiler-bucket-allocator-block-size=33554432"
    "memorysetup-profiler-bucket-allocator-block-count=8"
    "memorysetup-profiler-allocator-block-size=16777216"
    "memorysetup-profiler-editor-allocator-block-size=1048576"
    "memorysetup-temp-allocator-size-main=16777216"
    "memorysetup-job-temp-allocator-block-size=2097152"
    "memorysetup-job-temp-allocator-block-size-background=1048576"
    "memorysetup-job-temp-allocator-reduction-small-platforms=262144"
    "memorysetup-allocator-temp-initial-block-size-main=262144"
    "memorysetup-allocator-temp-initial-block-size-worker=262144"
    "memorysetup-temp-allocator-size-background-worker=32768"
    "memorysetup-temp-allocator-size-job-worker=262144"
    "memorysetup-temp-allocator-size-preload-manager=33554432"
    "memorysetup-temp-allocator-size-nav-mesh-worker=65536"
    "memorysetup-temp-allocator-size-audio-worker=65536"
    "memorysetup-temp-allocator-size-cloud-worker=32768"
    "memorysetup-temp-allocator-size-gi-baking-worker=262144"
    "memorysetup-temp-allocator-size-gfx=262144"
Player connection [31244]  Target information:

Player connection [31244]  * "[IP] 192.168.30.106 [Port] 0 [Flags] 2 [Guid] 2931485496 [EditorId] 2931485496 [Version] 1048832 [Id] WindowsEditor(7,2024_0710) [Debug] 1 [PackageName] WindowsEditor [ProjectName] Editor" 

Player connection [31244] Host joined multi-casting on [225.0.0.222:54997]...
Player connection [31244] Host joined alternative multi-casting on [225.0.0.222:34997]...
Input System module state changed to: Initialized.
[PhysX] Initialized MultithreadedTaskDispatcher with 16 workers.
Refreshing native plugins compatible for Editor in 7.19 ms, found 3 plugins.
Preloading 0 native plugins for Editor in 0.00 ms.
Initialize engine version: 2022.3.56f1 (dd0c98481d00)
[Subsystems] Discovering subsystems at path D:/MyFolder/Unity/Hub/Editor/2022.3.56f1/Editor/Data/Resources/UnitySubsystems
[Subsystems] Discovering subsystems at path D:/MyFolder/UnityProjects/ColorPuffer_GGJ25_Bteam_20250124/ColorPuffer_GGJ25_Bteam/Assets
GfxDevice: creating device client; threaded=0; jobified=0
Direct3D:
    Version:  Direct3D 11.0 [level 11.1]
    Renderer: Intel(R) UHD Graphics (ID=0x46a3)
    Vendor:   Intel
    VRAM:     32622 MB
    Driver:   31.0.101.5333
Initialize mono
Mono path[0] = 'D:/MyFolder/Unity/Hub/Editor/2022.3.56f1/Editor/Data/Managed'
Mono path[1] = 'D:/MyFolder/Unity/Hub/Editor/2022.3.56f1/Editor/Data/MonoBleedingEdge/lib/mono/unityjit-win32'
Mono config path = 'D:/MyFolder/Unity/Hub/Editor/2022.3.56f1/Editor/Data/MonoBleedingEdge/etc'
Using monoOptions --debugger-agent=transport=dt_socket,embedding=1,server=y,suspend=n,address=127.0.0.1:56152
Begin MonoManager ReloadAssembly
Registering precompiled unity dll's ...
Register platform support module: D:/MyFolder/Unity/Hub/Editor/2022.3.56f1/Editor/Data/PlaybackEngines/WebGLSupport/UnityEditor.WebGL.Extensions.dll
Register platform support module: D:/MyFolder/Unity/Hub/Editor/2022.3.56f1/Editor/Data/PlaybackEngines/WindowsStandaloneSupport/UnityEditor.WindowsStandalone.Extensions.dll
Registered in 0.003224 seconds.
- Loaded All Assemblies, in  0.252 seconds
Native extension for WindowsStandalone target not found
Native extension for WebGL target not found
Mono: successfully reloaded assembly
- Finished resetting the current domain, in  0.181 seconds
Domain Reload Profiling: 433ms
	BeginReloadAssembly (88ms)
		ExecutionOrderSort (0ms)
		DisableScriptedObjects (0ms)
		BackupInstance (0ms)
		ReleaseScriptingObjects (0ms)
		CreateAndSetChildDomain (1ms)
	RebuildCommonClasses (23ms)
	RebuildNativeTypeToScriptingClass (7ms)
	initialDomainReloadingComplete (35ms)
	LoadAllAssembliesAndSetupDomain (99ms)
		LoadAssemblies (88ms)
		RebuildTransferFunctionScriptingTraits (0ms)
		AnalyzeDomain (97ms)
			TypeCache.Refresh (96ms)
				TypeCache.ScanAssembly (86ms)
			ScanForSourceGeneratedMonoScriptInfo (0ms)
			ResolveRequiredComponents (0ms)
	FinalizeReload (182ms)
		ReleaseScriptCaches (0ms)
		RebuildScriptCaches (0ms)
		SetupLoadedEditorAssemblies (149ms)
			LogAssemblyErrors (0ms)
			InitializePlatformSupportModulesInManaged (7ms)
			SetLoadedEditorAssemblies (4ms)
			RefreshPlugins (0ms)
			BeforeProcessingInitializeOnLoad (1ms)
			ProcessInitializeOnLoadAttributes (103ms)
			ProcessInitializeOnLoadMethodAttributes (33ms)
			AfterProcessingInitializeOnLoad (0ms)
			EditorAssembliesLoaded (0ms)
		ExecutionOrderSort2 (0ms)
		AwakeInstancesAfterBackupRestoration (0ms)
========================================================================
Worker process is ready to serve import requests
Caller must complete domain reload
Begin MonoManager ReloadAssembly
- Loaded All Assemblies, in  0.647 seconds
Native extension for WindowsStandalone target not found
Native extension for WebGL target not found
Mono: successfully reloaded assembly
- Finished resetting the current domain, in  0.437 seconds
Domain Reload Profiling: 1085ms
	BeginReloadAssembly (135ms)
		ExecutionOrderSort (0ms)
		DisableScriptedObjects (4ms)
		BackupInstance (0ms)
		ReleaseScriptingObjects (0ms)
		CreateAndSetChildDomain (14ms)
	RebuildCommonClasses (25ms)
	RebuildNativeTypeToScriptingClass (7ms)
	initialDomainReloadingComplete (29ms)
	LoadAllAssembliesAndSetupDomain (451ms)
		LoadAssemblies (330ms)
		RebuildTransferFunctionScriptingTraits (0ms)
		AnalyzeDomain (209ms)
			TypeCache.Refresh (187ms)
				TypeCache.ScanAssembly (171ms)
			ScanForSourceGeneratedMonoScriptInfo (17ms)
			ResolveRequiredComponents (4ms)
	FinalizeReload (438ms)
		ReleaseScriptCaches (0ms)
		RebuildScriptCaches (0ms)
		SetupLoadedEditorAssemblies (334ms)
			LogAssemblyErrors (0ms)
			InitializePlatformSupportModulesInManaged (4ms)
			SetLoadedEditorAssemblies (4ms)
			RefreshPlugins (0ms)
			BeforeProcessingInitializeOnLoad (42ms)
			ProcessInitializeOnLoadAttributes (266ms)
			ProcessInitializeOnLoadMethodAttributes (17ms)
			AfterProcessingInitializeOnLoad (2ms)
			EditorAssembliesLoaded (0ms)
		ExecutionOrderSort2 (0ms)
		AwakeInstancesAfterBackupRestoration (7ms)
Launched and connected shader compiler UnityShaderCompiler.exe after 0.07 seconds
Refreshing native plugins compatible for Editor in 2.44 ms, found 3 plugins.
Preloading 0 native plugins for Editor in 0.00 ms.
Unloading 3185 Unused Serialized files (Serialized files now loaded: 0)
Unloading 19 unused Assets / (54.6 KB). Loaded Objects now: 3654.
Memory consumption went from 124.4 MB to 124.4 MB.
Total: 2.390800 ms (FindLiveObjects: 0.160400 ms CreateObjectMapping: 0.066100 ms MarkObjects: 2.091400 ms  DeleteObjects: 0.072000 ms)

AssetImportParameters requested are different than current active one (requested -> active):
  custom:container-demuxer-ogg: 62fdf1f143b41e24485cea50d1cbac27 -> 
  custom:video-codec-MediaFoundation-h265: 746d11721c4dcdbdad8f713fa42b33f4 -> 
  custom:video-decoder-ogg-theora: a1e56fd34408186e4bbccfd4996cb3dc -> 
  custom:framework-win-MediaFoundation: 216162199b28c13a410421893ffa2e32 -> 
  custom:CustomObjectIndexerAttribute: 9a22284fe3817be447336de3de66b15e -> 
  custom:container-demuxer-webm: 4f35f7cbe854078d1ac9338744f61a02 -> 
  custom:container-muxer-webm: aa71ff27fc2769a1b78a27578f13a17b -> 
  custom:video-decoder-webm-vp8: 9c59270c3fd7afecdb556c50c9e8de78 -> 
  custom:SearchIndexIgnoredProperties: e643bd26f0fe6173181afceb89e7c659 -> 
  custom:AudioImporter_EditorPlatform: d09bf68614088b80899f8185d706f6e7 -> 
  custom:scripting/monoscript/fileName/LarvaeFish.cs: cb6776a9ff06a7156cc8e845fe9268ec -> 
  custom:video-encoder-webm-vp8: eb34c28f22e8b96e1ab97ce403110664 -> 
  custom:audio-decoder-ogg-vorbis: bf7c407c2cedff20999df2af8eb42d56 -> 
  custom:audio-encoder-webm-vorbis: bf7c407c2cedff20999df2af8eb42d56 -> 
========================================================================
Received Import Request.
  Time since last request: 84174.709833 seconds.
  path: Assets/Sprite/もっと小魚！/無題_58.png
  artifactKey: Guid(92b8b286833bc7e44a68c5ecdfd0a5e7) Importer(815301076,1909f56bfc062723c751e8b465ee728b)
Start importing Assets/Sprite/もっと小魚！/無題_58.png using Guid(92b8b286833bc7e44a68c5ecdfd0a5e7) Importer(815301076,1909f56bfc062723c751e8b465ee728b) [PhysX] Initialized MultithreadedTaskDispatcher with 16 workers.
[PhysX] Initialized MultithreadedTaskDispatcher with 16 workers.
 -> (artifact id: 'b6f5ec896aa7270362d8f294a6d1d2bd') in 0.065652 seconds
Number of updated asset objects reloaded before import = 0
Number of asset objects unloaded after import = 2
========================================================================
Received Import Request.
  Time since last request: 8.959135 seconds.
  path: Assets/Sprite/もっと小魚！/無題_12.png
  artifactKey: Guid(87faeb1341278ad4d816f1181c679acf) Importer(815301076,1909f56bfc062723c751e8b465ee728b)
Start importing Assets/Sprite/もっと小魚！/無題_12.png using Guid(87faeb1341278ad4d816f1181c679acf) Importer(815301076,1909f56bfc062723c751e8b465ee728b) [PhysX] Initialized MultithreadedTaskDispatcher with 16 workers.
[PhysX] Initialized MultithreadedTaskDispatcher with 16 workers.
 -> (artifact id: '0fe087b81e4c2e16caff028f897349c5') in 0.071807 seconds
Number of updated asset objects reloaded before import = 0
Number of asset objects unloaded after import = 3
========================================================================
Received Import Request.
  Time since last request: 0.000039 seconds.
  path: Assets/Sprite/もっと小魚！/無題_35.png
  artifactKey: Guid(051d444ef7c49d74c81f754c83e5d4a9) Importer(815301076,1909f56bfc062723c751e8b465ee728b)
Start importing Assets/Sprite/もっと小魚！/無題_35.png using Guid(051d444ef7c49d74c81f754c83e5d4a9) Importer(815301076,1909f56bfc062723c751e8b465ee728b) [PhysX] Initialized MultithreadedTaskDispatcher with 16 workers.
[PhysX] Initialized MultithreadedTaskDispatcher with 16 workers.
 -> (artifact id: '037479e8c949e0e7964d3d04cd25ec48') in 0.025805 seconds
Number of updated asset objects reloaded before import = 0
Number of asset objects unloaded after import = 3
========================================================================
Received Import Request.
  Time since last request: 0.000041 seconds.
  path: Assets/Sprite/もっと小魚！/無題_16.png
  artifactKey: Guid(52d31bae62fa1d849a9cf454aa8093c2) Importer(815301076,1909f56bfc062723c751e8b465ee728b)
Start importing Assets/Sprite/もっと小魚！/無題_16.png using Guid(52d31bae62fa1d849a9cf454aa8093c2) Importer(815301076,1909f56bfc062723c751e8b465ee728b) [PhysX] Initialized MultithreadedTaskDispatcher with 16 workers.
[PhysX] Initialized MultithreadedTaskDispatcher with 16 workers.
 -> (artifact id: 'a4e874d4f004104b1691a7a913d84707') in 0.026359 seconds
Number of updated asset objects reloaded before import = 0
Number of asset objects unloaded after import = 3
========================================================================
Received Import Request.
  Time since last request: 0.000037 seconds.
  path: Assets/Sprite/もっと小魚！/無題_26.png
  artifactKey: Guid(c41b8b298f778df4bab4f6106f3aa218) Importer(815301076,1909f56bfc062723c751e8b465ee728b)
Start importing Assets/Sprite/もっと小魚！/無題_26.png using Guid(c41b8b298f778df4bab4f6106f3aa218) Importer(815301076,1909f56bfc062723c751e8b465ee728b) [PhysX] Initialized MultithreadedTaskDispatcher with 16 workers.
[PhysX] Initialized MultithreadedTaskDispatcher with 16 workers.
 -> (artifact id: 'd466aa0691ad130f6870187469a4ac3e') in 0.027421 seconds
Number of updated asset objects reloaded before import = 0
Number of asset objects unloaded after import = 3
========================================================================
Received Import Request.
  Time since last request: 0.000022 seconds.
  path: Assets/Sprite/もっと小魚！/無題_17.png
  artifactKey: Guid(7d64515c15960994680e5abd548bab0e) Importer(815301076,1909f56bfc062723c751e8b465ee728b)
Start importing Assets/Sprite/もっと小魚！/無題_17.png using Guid(7d64515c15960994680e5abd548bab0e) Importer(815301076,1909f56bfc062723c751e8b465ee728b) [PhysX] Initialized MultithreadedTaskDispatcher with 16 workers.
[PhysX] Initialized MultithreadedTaskDispatcher with 16 workers.
 -> (artifact id: '683eb72cb6347bb2c8f4a1cd2cbf6da2') in 0.023267 seconds
Number of updated asset objects reloaded before import = 0
Number of asset objects unloaded after import = 3
========================================================================
Received Import Request.
  Time since last request: 0.000027 seconds.
  path: Assets/Sprite/もっと小魚！/無題_21.png
  artifactKey: Guid(5cd2d4fe573555649967c9cd0b060283) Importer(815301076,1909f56bfc062723c751e8b465ee728b)
Start importing Assets/Sprite/もっと小魚！/無題_21.png using Guid(5cd2d4fe573555649967c9cd0b060283) Importer(815301076,1909f56bfc062723c751e8b465ee728b) [PhysX] Initialized MultithreadedTaskDispatcher with 16 workers.
[PhysX] Initialized MultithreadedTaskDispatcher with 16 workers.
 -> (artifact id: '2c45a11bff4c305d9785ebd82ff2c9fc') in 0.020879 seconds
Number of updated asset objects reloaded before import = 0
Number of asset objects unloaded after import = 3
========================================================================
Received Import Request.
  Time since last request: 0.000031 seconds.
  path: Assets/Sprite/もっと小魚！/無題_32.png
  artifactKey: Guid(1e9861851b0eb224a90fce8ff9ec628f) Importer(815301076,1909f56bfc062723c751e8b465ee728b)
Start importing Assets/Sprite/もっと小魚！/無題_32.png using Guid(1e9861851b0eb224a90fce8ff9ec628f) Importer(815301076,1909f56bfc062723c751e8b465ee728b) [PhysX] Initialized MultithreadedTaskDispatcher with 16 workers.
[PhysX] Initialized MultithreadedTaskDispatcher with 16 workers.
 -> (artifact id: '9d59d7f3f8db62df122bb7f6f073121a') in 0.022373 seconds
Number of updated asset objects reloaded before import = 0
Number of asset objects unloaded after import = 3
========================================================================
Received Import Request.
  Time since last request: 1.827120 seconds.
  path: Assets/Sprite/もっと小魚！/無題_58.png
  artifactKey: Guid(92b8b286833bc7e44a68c5ecdfd0a5e7) Importer(815301076,1909f56bfc062723c751e8b465ee728b)
Start importing Assets/Sprite/もっと小魚！/無題_58.png using Guid(92b8b286833bc7e44a68c5ecdfd0a5e7) Importer(815301076,1909f56bfc062723c751e8b465ee728b) [PhysX] Initialized MultithreadedTaskDispatcher with 16 workers.
[PhysX] Initialized MultithreadedTaskDispatcher with 16 workers.
 -> (artifact id: '8f730dbf25bd9d484679ae3dfb0242fa') in 0.020177 seconds
Number of updated asset objects reloaded before import = 0
Number of asset objects unloaded after import = 3
========================================================================
Received Import Request.
  Time since last request: 35.391862 seconds.
  path: Assets/Sprite/一本釣りだ!
  artifactKey: Guid(2a9d60348340db34ea80d01876c98fd2) Importer(815301076,1909f56bfc062723c751e8b465ee728b)
Start importing Assets/Sprite/一本釣りだ! using Guid(2a9d60348340db34ea80d01876c98fd2) Importer(815301076,1909f56bfc062723c751e8b465ee728b) [PhysX] Initialized MultithreadedTaskDispatcher with 16 workers.
 -> (artifact id: '4321474d5d39a92d96383eee98049001') in 0.000611 seconds
Number of updated asset objects reloaded before import = 0
Number of asset objects unloaded after import = 0
========================================================================
Received Import Request.
  Time since last request: 0.061567 seconds.
  path: Assets/Sprite/一本釣りだ!/無題_8.png
  artifactKey: Guid(be6dd76cb5706134795ff464e1b5b591) Importer(815301076,1909f56bfc062723c751e8b465ee728b)
Start importing Assets/Sprite/一本釣りだ!/無題_8.png using Guid(be6dd76cb5706134795ff464e1b5b591) Importer(815301076,1909f56bfc062723c751e8b465ee728b) [PhysX] Initialized MultithreadedTaskDispatcher with 16 workers.
[PhysX] Initialized MultithreadedTaskDispatcher with 16 workers.
 -> (artifact id: '595ad1991efc464b9b52acf8cb420981') in 0.030658 seconds
Number of updated asset objects reloaded before import = 0
Number of asset objects unloaded after import = 3
========================================================================
Received Import Request.
  Time since last request: 0.000026 seconds.
  path: Assets/Sprite/一本釣りだ!/無題_35.png
  artifactKey: Guid(049c4c50eab358b4898fc915e9fdb87d) Importer(815301076,1909f56bfc062723c751e8b465ee728b)
Start importing Assets/Sprite/一本釣りだ!/無題_35.png using Guid(049c4c50eab358b4898fc915e9fdb87d) Importer(815301076,1909f56bfc062723c751e8b465ee728b) [PhysX] Initialized MultithreadedTaskDispatcher with 16 workers.
[PhysX] Initialized MultithreadedTaskDispatcher with 16 workers.
 -> (artifact id: 'e471fdf67eb947f7dd7c91da0b08d44f') in 0.021077 seconds
Number of updated asset objects reloaded before import = 0
Number of asset objects unloaded after import = 3
========================================================================
Received Import Request.
  Time since last request: 0.000034 seconds.
  path: Assets/Sprite/一本釣りだ!/無題_14.png
  artifactKey: Guid(6825eb6ae1fdb5340b029752f1ce3447) Importer(815301076,1909f56bfc062723c751e8b465ee728b)
Start importing Assets/Sprite/一本釣りだ!/無題_14.png using Guid(6825eb6ae1fdb5340b029752f1ce3447) Importer(815301076,1909f56bfc062723c751e8b465ee728b) [PhysX] Initialized MultithreadedTaskDispatcher with 16 workers.
[PhysX] Initialized MultithreadedTaskDispatcher with 16 workers.
 -> (artifact id: '8047adc6cae42ff437aa5807bdffe077') in 0.021423 seconds
Number of updated asset objects reloaded before import = 0
Number of asset objects unloaded after import = 3
========================================================================
Received Import Request.
  Time since last request: 0.000027 seconds.
  path: Assets/Sprite/一本釣りだ!/無題_20.png
  artifactKey: Guid(17db57e1412960e49bf0b1333fb8f05b) Importer(815301076,1909f56bfc062723c751e8b465ee728b)
Start importing Assets/Sprite/一本釣りだ!/無題_20.png using Guid(17db57e1412960e49bf0b1333fb8f05b) Importer(815301076,1909f56bfc062723c751e8b465ee728b) [PhysX] Initialized MultithreadedTaskDispatcher with 16 workers.
[PhysX] Initialized MultithreadedTaskDispatcher with 16 workers.
 -> (artifact id: 'bd6541d3a18233ffb599ebe9ca268ac9') in 0.023584 seconds
Number of updated asset objects reloaded before import = 0
Number of asset objects unloaded after import = 3
========================================================================
Received Import Request.
  Time since last request: 0.000020 seconds.
  path: Assets/Sprite/一本釣りだ!/無題_26.png
  artifactKey: Guid(bd90859cb890ecb409bc6dd7a12e6b66) Importer(815301076,1909f56bfc062723c751e8b465ee728b)
Start importing Assets/Sprite/一本釣りだ!/無題_26.png using Guid(bd90859cb890ecb409bc6dd7a12e6b66) Importer(815301076,1909f56bfc062723c751e8b465ee728b) [PhysX] Initialized MultithreadedTaskDispatcher with 16 workers.
[PhysX] Initialized MultithreadedTaskDispatcher with 16 workers.
 -> (artifact id: '47ffa21ebfece65445801bf46ce17742') in 0.019016 seconds
Number of updated asset objects reloaded before import = 0
Number of asset objects unloaded after import = 3
========================================================================
Received Import Request.
  Time since last request: 0.000022 seconds.
  path: Assets/Sprite/一本釣りだ!/無題_22.png
  artifactKey: Guid(5b40b97ddb538264fa076723ec36f4a7) Importer(815301076,1909f56bfc062723c751e8b465ee728b)
Start importing Assets/Sprite/一本釣りだ!/無題_22.png using Guid(5b40b97ddb538264fa076723ec36f4a7) Importer(815301076,1909f56bfc062723c751e8b465ee728b) [PhysX] Initialized MultithreadedTaskDispatcher with 16 workers.
[PhysX] Initialized MultithreadedTaskDispatcher with 16 workers.
 -> (artifact id: '97e3b38083c567417752565721aea157') in 0.021826 seconds
Number of updated asset objects reloaded before import = 0
Number of asset objects unloaded after import = 3
========================================================================
Received Import Request.
  Time since last request: 0.000042 seconds.
  path: Assets/Sprite/一本釣りだ!/無題_30.png
  artifactKey: Guid(2c3c923633f0a464c94c24c2ff311ae6) Importer(815301076,1909f56bfc062723c751e8b465ee728b)
Start importing Assets/Sprite/一本釣りだ!/無題_30.png using Guid(2c3c923633f0a464c94c24c2ff311ae6) Importer(815301076,1909f56bfc062723c751e8b465ee728b) [PhysX] Initialized MultithreadedTaskDispatcher with 16 workers.
[PhysX] Initialized MultithreadedTaskDispatcher with 16 workers.
 -> (artifact id: '6d21f3f83c08bfeb6d959c47f47f95c8') in 0.020546 seconds
Number of updated asset objects reloaded before import = 0
Number of asset objects unloaded after import = 3
========================================================================
Received Import Request.
  Time since last request: 0.000030 seconds.
  path: Assets/Sprite/一本釣りだ!/無題_27.png
  artifactKey: Guid(31f6cc75f227a9240bcada6f93dea876) Importer(815301076,1909f56bfc062723c751e8b465ee728b)
Start importing Assets/Sprite/一本釣りだ!/無題_27.png using Guid(31f6cc75f227a9240bcada6f93dea876) Importer(815301076,1909f56bfc062723c751e8b465ee728b) [PhysX] Initialized MultithreadedTaskDispatcher with 16 workers.
[PhysX] Initialized MultithreadedTaskDispatcher with 16 workers.
 -> (artifact id: '9e6cddc6a8a8a7212ee73dddb9615ec0') in 0.020643 seconds
Number of updated asset objects reloaded before import = 0
Number of asset objects unloaded after import = 3
========================================================================
Received Import Request.
  Time since last request: 9.721016 seconds.
  path: Assets/Anim/LarvaeFish/無題_12.controller
  artifactKey: Guid(5e30f968bbec4994e8b1f263cc167a5f) Importer(815301076,1909f56bfc062723c751e8b465ee728b)
Start importing Assets/Anim/LarvaeFish/無題_12.controller using Guid(5e30f968bbec4994e8b1f263cc167a5f) Importer(815301076,1909f56bfc062723c751e8b465ee728b) [PhysX] Initialized MultithreadedTaskDispatcher with 16 workers.
 -> (artifact id: '55e769104a81afb321c7f8161ce1ca66') in 0.001902 seconds
Number of updated asset objects reloaded before import = 0
Number of asset objects unloaded after import = 1
========================================================================
Received Import Request.
  Time since last request: 12.578317 seconds.
  path: Assets/Anim/LarvaeFish/LarvaeFishAnimator.controller
  artifactKey: Guid(5e30f968bbec4994e8b1f263cc167a5f) Importer(815301076,1909f56bfc062723c751e8b465ee728b)
Start importing Assets/Anim/LarvaeFish/LarvaeFishAnimator.controller using Guid(5e30f968bbec4994e8b1f263cc167a5f) Importer(815301076,1909f56bfc062723c751e8b465ee728b) [PhysX] Initialized MultithreadedTaskDispatcher with 16 workers.
 -> (artifact id: 'a8526f997248b0e7616d41c0e919807e') in 0.001563 seconds
Number of updated asset objects reloaded before import = 0
Number of asset objects unloaded after import = 4
========================================================================
Received Import Request.
  Time since last request: 21.438020 seconds.
  path: Assets/Anim/LarvaeFish/LarvaeFish.anim
  artifactKey: Guid(9f17ac5472b15d040acedab1d3400157) Importer(815301076,1909f56bfc062723c751e8b465ee728b)
Start importing Assets/Anim/LarvaeFish/LarvaeFish.anim using Guid(9f17ac5472b15d040acedab1d3400157) Importer(815301076,1909f56bfc062723c751e8b465ee728b) [PhysX] Initialized MultithreadedTaskDispatcher with 16 workers.
 -> (artifact id: 'add301a21fc82be5ce047afa123d7659') in 0.000987 seconds
Number of updated asset objects reloaded before import = 0
Number of asset objects unloaded after import = 1
========================================================================
Received Import Request.
  Time since last request: 101.288954 seconds.
  path: Assets/Scenes/MainGame/InGameScene.unity
  artifactKey: Guid(be3adc50be623404fbfc8cbb23720490) Importer(815301076,1909f56bfc062723c751e8b465ee728b)
Start importing Assets/Scenes/MainGame/InGameScene.unity using Guid(be3adc50be623404fbfc8cbb23720490) Importer(815301076,1909f56bfc062723c751e8b465ee728b) [PhysX] Initialized MultithreadedTaskDispatcher with 16 workers.
 -> (artifact id: '5102939135fedfc18d3cdbdb5296b039') in 0.000439 seconds
Number of updated asset objects reloaded before import = 0
Number of asset objects unloaded after import = 0
========================================================================
Received Import Request.
  Time since last request: 11.292005 seconds.
  path: Assets/Prefab/BlueBubble.prefab
  artifactKey: Guid(c02aa876c856bc842948106bbb409c93) Importer(815301076,1909f56bfc062723c751e8b465ee728b)
Start importing Assets/Prefab/BlueBubble.prefab using Guid(c02aa876c856bc842948106bbb409c93) Importer(815301076,1909f56bfc062723c751e8b465ee728b) [PhysX] Initialized MultithreadedTaskDispatcher with 16 workers.
[PhysX] Initialized MultithreadedTaskDispatcher with 16 workers.
 -> (artifact id: 'cfa6767ed9080d27dd81814f606daafe') in 0.059433 seconds
Number of updated asset objects reloaded before import = 0
Number of asset objects unloaded after import = 16
========================================================================
Received Import Request.
  Time since last request: 5.148463 seconds.
  path: Assets/Prefab/Obstacle/AnglerPoint.prefab
  artifactKey: Guid(b9e304ac57ed0ab4580245e67c02dfc0) Importer(815301076,1909f56bfc062723c751e8b465ee728b)
Start importing Assets/Prefab/Obstacle/AnglerPoint.prefab using Guid(b9e304ac57ed0ab4580245e67c02dfc0) Importer(815301076,1909f56bfc062723c751e8b465ee728b) [PhysX] Initialized MultithreadedTaskDispatcher with 16 workers.
[PhysX] Initialized MultithreadedTaskDispatcher with 16 workers.
 -> (artifact id: '4af91260554b7f5072fa7e1e6c06871d') in 0.035949 seconds
Number of updated asset objects reloaded before import = 0
Number of asset objects unloaded after import = 22
========================================================================
Received Import Request.
  Time since last request: 0.004926 seconds.
  path: Assets/Prefab/Obstacle/Fish.prefab
  artifactKey: Guid(20cf84a5653d11b4f8277bc33d137365) Importer(815301076,1909f56bfc062723c751e8b465ee728b)
Start importing Assets/Prefab/Obstacle/Fish.prefab using Guid(20cf84a5653d11b4f8277bc33d137365) Importer(815301076,1909f56bfc062723c751e8b465ee728b) [PhysX] Initialized MultithreadedTaskDispatcher with 16 workers.
[PhysX] Initialized MultithreadedTaskDispatcher with 16 workers.
 -> (artifact id: '3d6777f2d2de81c57486bdc589aef08b') in 0.010911 seconds
Number of updated asset objects reloaded before import = 0
Number of asset objects unloaded after import = 15
Editor requested this worker to shutdown with reason: Scaling down because of idle timeout
TcpMessagingSession - receive error
AssetImportWorkerClient::OnTransportError - code=2 error=End of file
AssetImportWorker is now disconnected from the server
Process exiting
Exiting without the bug reporter. Application will terminate with return code 0